<?xml version="1.0" encoding="UTF-8"?>
<testsuite xmlns:xsi="http://www.w3.org/2001/XMLSchema-instance" xsi:noNamespaceSchemaLocation="https://maven.apache.org/surefire/maven-surefire-plugin/xsd/surefire-test-report.xsd" name="TestSuite" time="304.462" tests="103" errors="0" skipped="80" failures="10">
  <properties>
    <property name="sun.desktop" value="windows"/>
    <property name="awt.toolkit" value="sun.awt.windows.WToolkit"/>
    <property name="file.encoding.pkg" value="sun.io"/>
    <property name="java.specification.version" value="1.8"/>
    <property name="sun.cpu.isalist" value="amd64"/>
    <property name="sun.jnu.encoding" value="Cp1252"/>
    <property name="java.class.path" value="C:\Users\Elad\IdeaProjects\AutomationTest\target\test-classes;C:\Users\Elad\IdeaProjects\AutomationTest\target\classes;C:\WINDOWS\system32\config\systemprofile\.m2\repository\org\testng\testng\6.8.5\testng-6.8.5.jar;C:\WINDOWS\system32\config\systemprofile\.m2\repository\junit\junit\4.10\junit-4.10.jar;C:\WINDOWS\system32\config\systemprofile\.m2\repository\org\hamcrest\hamcrest-core\1.1\hamcrest-core-1.1.jar;C:\WINDOWS\system32\config\systemprofile\.m2\repository\org\beanshell\bsh\2.0b4\bsh-2.0b4.jar;C:\WINDOWS\system32\config\systemprofile\.m2\repository\com\beust\jcommander\1.27\jcommander-1.27.jar;C:\WINDOWS\system32\config\systemprofile\.m2\repository\org\yaml\snakeyaml\1.6\snakeyaml-1.6.jar;C:\WINDOWS\system32\config\systemprofile\.m2\repository\org\seleniumhq\selenium\selenium-java\3.14.0\selenium-java-3.14.0.jar;C:\WINDOWS\system32\config\systemprofile\.m2\repository\org\seleniumhq\selenium\selenium-api\3.14.0\selenium-api-3.14.0.jar;C:\WINDOWS\system32\config\systemprofile\.m2\repository\org\seleniumhq\selenium\selenium-chrome-driver\3.14.0\selenium-chrome-driver-3.14.0.jar;C:\WINDOWS\system32\config\systemprofile\.m2\repository\org\seleniumhq\selenium\selenium-edge-driver\3.14.0\selenium-edge-driver-3.14.0.jar;C:\WINDOWS\system32\config\systemprofile\.m2\repository\org\seleniumhq\selenium\selenium-firefox-driver\3.14.0\selenium-firefox-driver-3.14.0.jar;C:\WINDOWS\system32\config\systemprofile\.m2\repository\org\seleniumhq\selenium\selenium-ie-driver\3.14.0\selenium-ie-driver-3.14.0.jar;C:\WINDOWS\system32\config\systemprofile\.m2\repository\org\seleniumhq\selenium\selenium-opera-driver\3.14.0\selenium-opera-driver-3.14.0.jar;C:\WINDOWS\system32\config\systemprofile\.m2\repository\org\seleniumhq\selenium\selenium-remote-driver\3.14.0\selenium-remote-driver-3.14.0.jar;C:\WINDOWS\system32\config\systemprofile\.m2\repository\org\seleniumhq\selenium\selenium-safari-driver\3.14.0\selenium-safari-driver-3.14.0.jar;C:\WINDOWS\system32\config\systemprofile\.m2\repository\org\seleniumhq\selenium\selenium-support\3.14.0\selenium-support-3.14.0.jar;C:\WINDOWS\system32\config\systemprofile\.m2\repository\net\bytebuddy\byte-buddy\1.8.15\byte-buddy-1.8.15.jar;C:\WINDOWS\system32\config\systemprofile\.m2\repository\org\apache\commons\commons-exec\1.3\commons-exec-1.3.jar;C:\WINDOWS\system32\config\systemprofile\.m2\repository\commons-codec\commons-codec\1.10\commons-codec-1.10.jar;C:\WINDOWS\system32\config\systemprofile\.m2\repository\commons-logging\commons-logging\1.2\commons-logging-1.2.jar;C:\WINDOWS\system32\config\systemprofile\.m2\repository\com\google\guava\guava\25.0-jre\guava-25.0-jre.jar;C:\WINDOWS\system32\config\systemprofile\.m2\repository\com\google\code\findbugs\jsr305\1.3.9\jsr305-1.3.9.jar;C:\WINDOWS\system32\config\systemprofile\.m2\repository\org\checkerframework\checker-compat-qual\2.0.0\checker-compat-qual-2.0.0.jar;C:\WINDOWS\system32\config\systemprofile\.m2\repository\com\google\errorprone\error_prone_annotations\2.1.3\error_prone_annotations-2.1.3.jar;C:\WINDOWS\system32\config\systemprofile\.m2\repository\com\google\j2objc\j2objc-annotations\1.1\j2objc-annotations-1.1.jar;C:\WINDOWS\system32\config\systemprofile\.m2\repository\org\codehaus\mojo\animal-sniffer-annotations\1.14\animal-sniffer-annotations-1.14.jar;C:\WINDOWS\system32\config\systemprofile\.m2\repository\org\apache\httpcomponents\httpclient\4.5.5\httpclient-4.5.5.jar;C:\WINDOWS\system32\config\systemprofile\.m2\repository\org\apache\httpcomponents\httpcore\4.4.9\httpcore-4.4.9.jar;C:\WINDOWS\system32\config\systemprofile\.m2\repository\com\squareup\okhttp3\okhttp\3.10.0\okhttp-3.10.0.jar;C:\WINDOWS\system32\config\systemprofile\.m2\repository\com\squareup\okio\okio\1.14.1\okio-1.14.1.jar;C:\WINDOWS\system32\config\systemprofile\.m2\repository\org\apache\maven\surefire\surefire-testng-utils\2.22.0\surefire-testng-utils-2.22.0.jar;C:\WINDOWS\system32\config\systemprofile\.m2\repository\org\apache\maven\surefire\surefire-grouper\2.22.0\surefire-grouper-2.22.0.jar;"/>
    <property name="java.vm.vendor" value="Oracle Corporation"/>
    <property name="sun.arch.data.model" value="64"/>
    <property name="user.variant" value=""/>
    <property name="java.vendor.url" value="http://java.oracle.com/"/>
    <property name="user.timezone" value="Asia/Jerusalem"/>
    <property name="java.vm.specification.version" value="1.8"/>
    <property name="os.name" value="Windows 10"/>
    <property name="user.country" value="US"/>
    <property name="sun.java.launcher" value="SUN_STANDARD"/>
    <property name="sun.boot.library.path" value="C:\Program Files\Java\jdk1.8.0_181\jre\bin"/>
    <property name="sun.java.command" value="C:\WINDOWS\TEMP\surefire8462027792185283987\surefirebooter5750329665295559667.jar C:\Windows\Temp\surefire8462027792185283987 2018-08-29T14-26-42_377-jvmRun1 surefire9021352798228237751tmp surefire_0746325121098261097tmp"/>
    <property name="surefire.test.class.path" value="C:\Users\Elad\IdeaProjects\AutomationTest\target\test-classes;C:\Users\Elad\IdeaProjects\AutomationTest\target\classes;C:\WINDOWS\system32\config\systemprofile\.m2\repository\org\testng\testng\6.8.5\testng-6.8.5.jar;C:\WINDOWS\system32\config\systemprofile\.m2\repository\junit\junit\4.10\junit-4.10.jar;C:\WINDOWS\system32\config\systemprofile\.m2\repository\org\hamcrest\hamcrest-core\1.1\hamcrest-core-1.1.jar;C:\WINDOWS\system32\config\systemprofile\.m2\repository\org\beanshell\bsh\2.0b4\bsh-2.0b4.jar;C:\WINDOWS\system32\config\systemprofile\.m2\repository\com\beust\jcommander\1.27\jcommander-1.27.jar;C:\WINDOWS\system32\config\systemprofile\.m2\repository\org\yaml\snakeyaml\1.6\snakeyaml-1.6.jar;C:\WINDOWS\system32\config\systemprofile\.m2\repository\org\seleniumhq\selenium\selenium-java\3.14.0\selenium-java-3.14.0.jar;C:\WINDOWS\system32\config\systemprofile\.m2\repository\org\seleniumhq\selenium\selenium-api\3.14.0\selenium-api-3.14.0.jar;C:\WINDOWS\system32\config\systemprofile\.m2\repository\org\seleniumhq\selenium\selenium-chrome-driver\3.14.0\selenium-chrome-driver-3.14.0.jar;C:\WINDOWS\system32\config\systemprofile\.m2\repository\org\seleniumhq\selenium\selenium-edge-driver\3.14.0\selenium-edge-driver-3.14.0.jar;C:\WINDOWS\system32\config\systemprofile\.m2\repository\org\seleniumhq\selenium\selenium-firefox-driver\3.14.0\selenium-firefox-driver-3.14.0.jar;C:\WINDOWS\system32\config\systemprofile\.m2\repository\org\seleniumhq\selenium\selenium-ie-driver\3.14.0\selenium-ie-driver-3.14.0.jar;C:\WINDOWS\system32\config\systemprofile\.m2\repository\org\seleniumhq\selenium\selenium-opera-driver\3.14.0\selenium-opera-driver-3.14.0.jar;C:\WINDOWS\system32\config\systemprofile\.m2\repository\org\seleniumhq\selenium\selenium-remote-driver\3.14.0\selenium-remote-driver-3.14.0.jar;C:\WINDOWS\system32\config\systemprofile\.m2\repository\org\seleniumhq\selenium\selenium-safari-driver\3.14.0\selenium-safari-driver-3.14.0.jar;C:\WINDOWS\system32\config\systemprofile\.m2\repository\org\seleniumhq\selenium\selenium-support\3.14.0\selenium-support-3.14.0.jar;C:\WINDOWS\system32\config\systemprofile\.m2\repository\net\bytebuddy\byte-buddy\1.8.15\byte-buddy-1.8.15.jar;C:\WINDOWS\system32\config\systemprofile\.m2\repository\org\apache\commons\commons-exec\1.3\commons-exec-1.3.jar;C:\WINDOWS\system32\config\systemprofile\.m2\repository\commons-codec\commons-codec\1.10\commons-codec-1.10.jar;C:\WINDOWS\system32\config\systemprofile\.m2\repository\commons-logging\commons-logging\1.2\commons-logging-1.2.jar;C:\WINDOWS\system32\config\systemprofile\.m2\repository\com\google\guava\guava\25.0-jre\guava-25.0-jre.jar;C:\WINDOWS\system32\config\systemprofile\.m2\repository\com\google\code\findbugs\jsr305\1.3.9\jsr305-1.3.9.jar;C:\WINDOWS\system32\config\systemprofile\.m2\repository\org\checkerframework\checker-compat-qual\2.0.0\checker-compat-qual-2.0.0.jar;C:\WINDOWS\system32\config\systemprofile\.m2\repository\com\google\errorprone\error_prone_annotations\2.1.3\error_prone_annotations-2.1.3.jar;C:\WINDOWS\system32\config\systemprofile\.m2\repository\com\google\j2objc\j2objc-annotations\1.1\j2objc-annotations-1.1.jar;C:\WINDOWS\system32\config\systemprofile\.m2\repository\org\codehaus\mojo\animal-sniffer-annotations\1.14\animal-sniffer-annotations-1.14.jar;C:\WINDOWS\system32\config\systemprofile\.m2\repository\org\apache\httpcomponents\httpclient\4.5.5\httpclient-4.5.5.jar;C:\WINDOWS\system32\config\systemprofile\.m2\repository\org\apache\httpcomponents\httpcore\4.4.9\httpcore-4.4.9.jar;C:\WINDOWS\system32\config\systemprofile\.m2\repository\com\squareup\okhttp3\okhttp\3.10.0\okhttp-3.10.0.jar;C:\WINDOWS\system32\config\systemprofile\.m2\repository\com\squareup\okio\okio\1.14.1\okio-1.14.1.jar;C:\WINDOWS\system32\config\systemprofile\.m2\repository\org\apache\maven\surefire\surefire-testng-utils\2.22.0\surefire-testng-utils-2.22.0.jar;C:\WINDOWS\system32\config\systemprofile\.m2\repository\org\apache\maven\surefire\surefire-grouper\2.22.0\surefire-grouper-2.22.0.jar;"/>
    <property name="sun.cpu.endian" value="little"/>
    <property name="user.home" value="C:\WINDOWS\system32\config\systemprofile"/>
    <property name="user.language" value="en"/>
    <property name="java.specification.vendor" value="Oracle Corporation"/>
    <property name="java.home" value="C:\Program Files\Java\jdk1.8.0_181\jre"/>
    <property name="basedir" value="C:\Users\Elad\IdeaProjects\AutomationTest"/>
    <property name="file.separator" value="\"/>
    <property name="line.separator" value="&#10;"/>
    <property name="java.vm.specification.vendor" value="Oracle Corporation"/>
    <property name="java.specification.name" value="Java Platform API Specification"/>
    <property name="java.awt.graphicsenv" value="sun.awt.Win32GraphicsEnvironment"/>
    <property name="surefire.real.class.path" value="C:\WINDOWS\TEMP\surefire8462027792185283987\surefirebooter5750329665295559667.jar"/>
    <property name="sun.boot.class.path" value="C:\Program Files\Java\jdk1.8.0_181\jre\lib\resources.jar;C:\Program Files\Java\jdk1.8.0_181\jre\lib\rt.jar;C:\Program Files\Java\jdk1.8.0_181\jre\lib\sunrsasign.jar;C:\Program Files\Java\jdk1.8.0_181\jre\lib\jsse.jar;C:\Program Files\Java\jdk1.8.0_181\jre\lib\jce.jar;C:\Program Files\Java\jdk1.8.0_181\jre\lib\charsets.jar;C:\Program Files\Java\jdk1.8.0_181\jre\lib\jfr.jar;C:\Program Files\Java\jdk1.8.0_181\jre\classes"/>
    <property name="user.script" value=""/>
    <property name="sun.management.compiler" value="HotSpot 64-Bit Tiered Compilers"/>
    <property name="java.runtime.version" value="1.8.0_181-b13"/>
    <property name="user.name" value="EIDAN-DESKTOP$"/>
    <property name="path.separator" value=";"/>
    <property name="os.version" value="10.0"/>
    <property name="java.endorsed.dirs" value="C:\Program Files\Java\jdk1.8.0_181\jre\lib\endorsed"/>
    <property name="java.runtime.name" value="Java(TM) SE Runtime Environment"/>
    <property name="file.encoding" value="Cp1252"/>
    <property name="browser" value="Chrome"/>
    <property name="java.vm.name" value="Java HotSpot(TM) 64-Bit Server VM"/>
    <property name="localRepository" value="C:\WINDOWS\system32\config\systemprofile\.m2\repository"/>
    <property name="java.vendor.url.bug" value="http://bugreport.sun.com/bugreport/"/>
    <property name="java.io.tmpdir" value="C:\WINDOWS\TEMP\"/>
    <property name="java.version" value="1.8.0_181"/>
    <property name="user.dir" value="C:\Users\Elad\IdeaProjects\AutomationTest\target"/>
    <property name="os.arch" value="amd64"/>
    <property name="java.vm.specification.name" value="Java Virtual Machine Specification"/>
    <property name="java.awt.printerjob" value="sun.awt.windows.WPrinterJob"/>
    <property name="sun.os.patch.level" value=""/>
    <property name="java.library.path" value="C:\Program Files\Java\jdk1.8.0_181\jre\bin;C:\WINDOWS\Sun\Java\bin;C:\WINDOWS\system32;C:\WINDOWS;C:\Program Files (x86)\Jenkins\tools\hudson.tasks.Maven_MavenInstallation\C_Program_Files_Apache_apache-maven-3.5.4_bin/bin;C:\Program Files\Java\jdk1.8.0_181/bin;C:\Program Files\Java\jdk1.8.0_181/bin;C:\Program Files (x86)\Common Files\Oracle\Java\javapath;C:\WINDOWS\system32;C:\WINDOWS;C:\WINDOWS\System32\Wbem;C:\WINDOWS\System32\WindowsPowerShell\v1.0\;C:\Program Files (x86)\Microsoft SQL Server\Client SDK\ODBC\130\Tools\Binn\;C:\Program Files (x86)\Microsoft SQL Server\140\Tools\Binn\;C:\Program Files (x86)\Microsoft SQL Server\140\DTS\Binn\;C:\Program Files (x86)\Microsoft SQL Server\140\Tools\Binn\ManagementStudio\;C:\WINDOWS\System32\OpenSSH\;C:\Program Files\Java\jdk1.8.0_181;C:\Program Files\Apache\apache-maven-3.5.4\bin;C:\Program Files\Geth;C:\cygwin64;C:\Program Files\dotnet\;C:\Program Files\Microsoft SQL Server\130\Tools\Binn\;C:\Users\Elad\AppData\Local\Programs\Git\bin\;C:\Users\Administrator\AppData\Local\Microsoft\WindowsApps;C:\Users\Administrator\.dotnet\tools;."/>
    <property name="java.vm.info" value="mixed mode"/>
    <property name="java.vendor" value="Oracle Corporation"/>
    <property name="java.vm.version" value="25.181-b13"/>
    <property name="java.ext.dirs" value="C:\Program Files\Java\jdk1.8.0_181\jre\lib\ext;C:\WINDOWS\Sun\Java\lib\ext"/>
    <property name="sun.io.unicode.encoding" value="UnicodeLittle"/>
    <property name="java.class.version" value="52.0"/>
  </properties>
  <testcase name="FAQ" classname="com.cloudents.AutomationTest.CloudentsAutoTests" time="22.763"/>
  <testcase name="FAQ" classname="com.cloudents.AutomationTest.CloudentsAutoTests" time="0">
    <skipped/>
  </testcase>
  <testcase name="FAQ" classname="com.cloudents.AutomationTest.CloudentsAutoTests" time="0">
    <skipped/>
  </testcase>
  <testcase name="FAQ" classname="com.cloudents.AutomationTest.CloudentsAutoTests" time="0">
    <skipped/>
  </testcase>
  <testcase name="FAQ" classname="com.cloudents.AutomationTest.CloudentsAutoTests" time="0">
    <skipped/>
  </testcase>
  <testcase name="about" classname="com.cloudents.AutomationTest.CloudentsAutoTests" time="49.259">
    <failure message="expected [https://dev.spitball.co/contact] but found [https://dev.spitball.co/about]" type="java.lang.AssertionError">java.lang.AssertionError: expected [https://dev.spitball.co/contact] but found [https://dev.spitball.co/about]
	at com.cloudents.AutomationTest.CloudentsAutoTests.contact(CloudentsAutoTests.java:464)
	at com.cloudents.AutomationTest.CloudentsAutoTests.about(CloudentsAutoTests.java:383)
</failure>
    <system-out><![CDATA[https://medium.com/@spitballstudy
https://www.spitball.co/ask
https://marketingplatform.google.com/about/
https://www.copyright.gov/legislation/dmca.pdf
]]></system-out>
  </testcase>
  <testcase name="about" classname="com.cloudents.AutomationTest.CloudentsAutoTests" time="0">
    <skipped/>
  </testcase>
  <testcase name="about" classname="com.cloudents.AutomationTest.CloudentsAutoTests" time="0">
    <skipped/>
  </testcase>
  <testcase name="about" classname="com.cloudents.AutomationTest.CloudentsAutoTests" time="0">
    <skipped/>
  </testcase>
  <testcase name="about" classname="com.cloudents.AutomationTest.CloudentsAutoTests" time="0">
    <skipped/>
  </testcase>
  <testcase name="contact" classname="com.cloudents.AutomationTest.CloudentsAutoTests" time="29.661"/>
  <testcase name="contact" classname="com.cloudents.AutomationTest.CloudentsAutoTests" time="0">
    <skipped/>
  </testcase>
  <testcase name="contact" classname="com.cloudents.AutomationTest.CloudentsAutoTests" time="0">
    <skipped/>
  </testcase>
  <testcase name="contact" classname="com.cloudents.AutomationTest.CloudentsAutoTests" time="0">
    <skipped/>
  </testcase>
  <testcase name="contact" classname="com.cloudents.AutomationTest.CloudentsAutoTests" time="0">
    <skipped/>
  </testcase>
  <testcase name="flashcards" classname="com.cloudents.AutomationTest.CloudentsAutoTests" time="3.284"/>
  <testcase name="flashcards" classname="com.cloudents.AutomationTest.CloudentsAutoTests" time="0">
    <skipped/>
  </testcase>
  <testcase name="flashcards" classname="com.cloudents.AutomationTest.CloudentsAutoTests" time="0">
    <skipped/>
  </testcase>
  <testcase name="flashcards" classname="com.cloudents.AutomationTest.CloudentsAutoTests" time="0">
    <skipped/>
  </testcase>
  <testcase name="flashcards" classname="com.cloudents.AutomationTest.CloudentsAutoTests" time="0">
    <skipped/>
  </testcase>
  <testcase name="global" classname="com.cloudents.AutomationTest.CloudentsAutoTests" time="11.679">
    <failure message="Index: 0, Size: 0" type="java.lang.IndexOutOfBoundsException">java.lang.IndexOutOfBoundsException: Index: 0, Size: 0
	at com.cloudents.AutomationTest.CloudentsAutoTests.homePage(CloudentsAutoTests.java:95)
	at com.cloudents.AutomationTest.CloudentsAutoTests.global(CloudentsAutoTests.java:62)
</failure>
  </testcase>
  <testcase name="global" classname="com.cloudents.AutomationTest.CloudentsAutoTests" time="0">
    <skipped/>
  </testcase>
  <testcase name="global" classname="com.cloudents.AutomationTest.CloudentsAutoTests" time="0">
    <skipped/>
  </testcase>
  <testcase name="global" classname="com.cloudents.AutomationTest.CloudentsAutoTests" time="0">
    <skipped/>
  </testcase>
  <testcase name="global" classname="com.cloudents.AutomationTest.CloudentsAutoTests" time="0">
    <skipped/>
  </testcase>
  <testcase name="homePage" classname="com.cloudents.AutomationTest.CloudentsAutoTests" time="11.608">
    <failure message="Index: 0, Size: 0" type="java.lang.IndexOutOfBoundsException">java.lang.IndexOutOfBoundsException: Index: 0, Size: 0
	at com.cloudents.AutomationTest.CloudentsAutoTests.homePage(CloudentsAutoTests.java:95)
</failure>
  </testcase>
  <testcase name="homePage" classname="com.cloudents.AutomationTest.CloudentsAutoTests" time="0">
    <skipped/>
  </testcase>
  <testcase name="homePage" classname="com.cloudents.AutomationTest.CloudentsAutoTests" time="0">
    <skipped/>
  </testcase>
  <testcase name="homePage" classname="com.cloudents.AutomationTest.CloudentsAutoTests" time="0">
    <skipped/>
  </testcase>
  <testcase name="homePage" classname="com.cloudents.AutomationTest.CloudentsAutoTests" time="0">
    <skipped/>
  </testcase>
  <testcase name="homeworkHelp" classname="com.cloudents.AutomationTest.CloudentsAutoTests" time="13.018">
    <failure message="no such element: Unable to locate element: {&quot;method&quot;:&quot;class name&quot;,&quot;selector&quot;:&quot;ask-question&quot;}&#10;  (Session info: chrome=68.0.3440.106)&#10;  (Driver info: chromedriver=2.41.578737 (49da6702b16031c40d63e5618de03a32ff6c197e),platform=Windows NT 10.0.17134 x86_64) (WARNING: The server did not provide any stacktrace information)&#10;Command duration or timeout: 0 milliseconds&#10;For documentation on this error, please visit: http://seleniumhq.org/exceptions/no_such_element.html&#10;Build info: version: &apos;3.14.0&apos;, revision: &apos;aacccce0&apos;, time: &apos;2018-08-02T20:19:58.91Z&apos;&#10;System info: host: &apos;EIDAN-DESKTOP&apos;, ip: &apos;192.168.2.62&apos;, os.name: &apos;Windows 10&apos;, os.arch: &apos;amd64&apos;, os.version: &apos;10.0&apos;, java.version: &apos;1.8.0_181&apos;&#10;Driver info: org.openqa.selenium.chrome.ChromeDriver&#10;Capabilities {acceptInsecureCerts: false, acceptSslCerts: false, applicationCacheEnabled: false, browserConnectionEnabled: false, browserName: chrome, chrome: {chromedriverVersion: 2.41.578737 (49da6702b16031..., userDataDir: C:\WINDOWS\TEMP\scoped_dir1...}, cssSelectorsEnabled: true, databaseEnabled: false, goog:chromeOptions: {debuggerAddress: localhost:54430}, handlesAlerts: true, hasTouchScreen: false, javascriptEnabled: true, locationContextEnabled: true, mobileEmulationEnabled: false, nativeEvents: true, networkConnectionEnabled: false, pageLoadStrategy: normal, platform: XP, platformName: XP, rotatable: false, setWindowRect: true, takesHeapSnapshot: true, takesScreenshot: true, unexpectedAlertBehaviour: , unhandledPromptBehavior: , version: 68.0.3440.106, webStorageEnabled: true}&#10;Session ID: 6c07cf4392d4343014de57c5671540fd&#10;*** Element info: {Using=class name, value=ask-question}" type="org.openqa.selenium.NoSuchElementException">org.openqa.selenium.NoSuchElementException: 
no such element: Unable to locate element: {"method":"class name","selector":"ask-question"}
  (Session info: chrome=68.0.3440.106)
  (Driver info: chromedriver=2.41.578737 (49da6702b16031c40d63e5618de03a32ff6c197e),platform=Windows NT 10.0.17134 x86_64) (WARNING: The server did not provide any stacktrace information)
Command duration or timeout: 0 milliseconds
For documentation on this error, please visit: http://seleniumhq.org/exceptions/no_such_element.html
Build info: version: '3.14.0', revision: 'aacccce0', time: '2018-08-02T20:19:58.91Z'
System info: host: 'EIDAN-DESKTOP', ip: '192.168.2.62', os.name: 'Windows 10', os.arch: 'amd64', os.version: '10.0', java.version: '1.8.0_181'
Driver info: org.openqa.selenium.chrome.ChromeDriver
Capabilities {acceptInsecureCerts: false, acceptSslCerts: false, applicationCacheEnabled: false, browserConnectionEnabled: false, browserName: chrome, chrome: {chromedriverVersion: 2.41.578737 (49da6702b16031..., userDataDir: C:\WINDOWS\TEMP\scoped_dir1...}, cssSelectorsEnabled: true, databaseEnabled: false, goog:chromeOptions: {debuggerAddress: localhost:54430}, handlesAlerts: true, hasTouchScreen: false, javascriptEnabled: true, locationContextEnabled: true, mobileEmulationEnabled: false, nativeEvents: true, networkConnectionEnabled: false, pageLoadStrategy: normal, platform: XP, platformName: XP, rotatable: false, setWindowRect: true, takesHeapSnapshot: true, takesScreenshot: true, unexpectedAlertBehaviour: , unhandledPromptBehavior: , version: 68.0.3440.106, webStorageEnabled: true}
Session ID: 6c07cf4392d4343014de57c5671540fd
*** Element info: {Using=class name, value=ask-question}
	at com.cloudents.AutomationTest.CloudentsAutoTests.homeworkHelp(CloudentsAutoTests.java:238)
</failure>
  </testcase>
  <testcase name="homeworkHelp" classname="com.cloudents.AutomationTest.CloudentsAutoTests" time="0">
    <skipped/>
  </testcase>
  <testcase name="homeworkHelp" classname="com.cloudents.AutomationTest.CloudentsAutoTests" time="0">
    <skipped/>
  </testcase>
  <testcase name="homeworkHelp" classname="com.cloudents.AutomationTest.CloudentsAutoTests" time="0">
    <skipped/>
  </testcase>
  <testcase name="homeworkHelp" classname="com.cloudents.AutomationTest.CloudentsAutoTests" time="0">
    <skipped/>
  </testcase>
  <testcase name="jobs" classname="com.cloudents.AutomationTest.CloudentsAutoTests" time="22.737">
    <failure message="Index: 1, Size: 0" type="java.lang.IndexOutOfBoundsException">java.lang.IndexOutOfBoundsException: Index: 1, Size: 0
	at com.cloudents.AutomationTest.CloudentsAutoTests.jobs(CloudentsAutoTests.java:346)
</failure>
  </testcase>
  <testcase name="jobs" classname="com.cloudents.AutomationTest.CloudentsAutoTests" time="0">
    <skipped/>
  </testcase>
  <testcase name="jobs" classname="com.cloudents.AutomationTest.CloudentsAutoTests" time="0">
    <skipped/>
  </testcase>
  <testcase name="jobs" classname="com.cloudents.AutomationTest.CloudentsAutoTests" time="0">
    <skipped/>
  </testcase>
  <testcase name="jobs" classname="com.cloudents.AutomationTest.CloudentsAutoTests" time="0">
    <skipped/>
  </testcase>
  <testcase name="login" classname="com.cloudents.AutomationTest.CloudentsAutoTests" time="8.897"/>
  <testcase name="login" classname="com.cloudents.AutomationTest.CloudentsAutoTests" time="0">
    <skipped/>
  </testcase>
  <testcase name="login" classname="com.cloudents.AutomationTest.CloudentsAutoTests" time="0">
    <skipped/>
  </testcase>
  <testcase name="login" classname="com.cloudents.AutomationTest.CloudentsAutoTests" time="0">
    <skipped/>
  </testcase>
  <testcase name="login" classname="com.cloudents.AutomationTest.CloudentsAutoTests" time="0">
    <skipped/>
  </testcase>
  <testcase name="mainTabs" classname="com.cloudents.AutomationTest.CloudentsAutoTests" time="17.613"/>
  <testcase name="mainTabs" classname="com.cloudents.AutomationTest.CloudentsAutoTests" time="0">
    <skipped/>
  </testcase>
  <testcase name="mainTabs" classname="com.cloudents.AutomationTest.CloudentsAutoTests" time="0">
    <skipped/>
  </testcase>
  <testcase name="mainTabs" classname="com.cloudents.AutomationTest.CloudentsAutoTests" time="0">
    <skipped/>
  </testcase>
  <testcase name="mainTabs" classname="com.cloudents.AutomationTest.CloudentsAutoTests" time="0">
    <skipped/>
  </testcase>
  <testcase name="partners" classname="com.cloudents.AutomationTest.CloudentsAutoTests" time="1.723"/>
  <testcase name="partners" classname="com.cloudents.AutomationTest.CloudentsAutoTests" time="0">
    <skipped/>
  </testcase>
  <testcase name="partners" classname="com.cloudents.AutomationTest.CloudentsAutoTests" time="0">
    <skipped/>
  </testcase>
  <testcase name="partners" classname="com.cloudents.AutomationTest.CloudentsAutoTests" time="0">
    <skipped/>
  </testcase>
  <testcase name="partners" classname="com.cloudents.AutomationTest.CloudentsAutoTests" time="0">
    <skipped/>
  </testcase>
  <testcase name="privacy" classname="com.cloudents.AutomationTest.CloudentsAutoTests" time="5.762"/>
  <testcase name="privacy" classname="com.cloudents.AutomationTest.CloudentsAutoTests" time="0">
    <skipped/>
  </testcase>
  <testcase name="privacy" classname="com.cloudents.AutomationTest.CloudentsAutoTests" time="0">
    <skipped/>
  </testcase>
  <testcase name="privacy" classname="com.cloudents.AutomationTest.CloudentsAutoTests" time="0">
    <skipped/>
  </testcase>
  <testcase name="privacy" classname="com.cloudents.AutomationTest.CloudentsAutoTests" time="0">
    <skipped/>
  </testcase>
  <testcase name="reps" classname="com.cloudents.AutomationTest.CloudentsAutoTests" time="1.466"/>
  <testcase name="reps" classname="com.cloudents.AutomationTest.CloudentsAutoTests" time="0">
    <skipped/>
  </testcase>
  <testcase name="reps" classname="com.cloudents.AutomationTest.CloudentsAutoTests" time="0">
    <skipped/>
  </testcase>
  <testcase name="reps" classname="com.cloudents.AutomationTest.CloudentsAutoTests" time="0">
    <skipped/>
  </testcase>
  <testcase name="reps" classname="com.cloudents.AutomationTest.CloudentsAutoTests" time="0">
    <skipped/>
  </testcase>
  <testcase name="signUp" classname="com.cloudents.AutomationTest.CloudentsAutoTests" time="33.981"/>
  <testcase name="signUp" classname="com.cloudents.AutomationTest.CloudentsAutoTests" time="0">
    <skipped/>
  </testcase>
  <testcase name="signUp" classname="com.cloudents.AutomationTest.CloudentsAutoTests" time="0">
    <skipped/>
  </testcase>
  <testcase name="signUp" classname="com.cloudents.AutomationTest.CloudentsAutoTests" time="0">
    <skipped/>
  </testcase>
  <testcase name="signUp" classname="com.cloudents.AutomationTest.CloudentsAutoTests" time="0">
    <skipped/>
  </testcase>
  <testcase name="studyDocuments" classname="com.cloudents.AutomationTest.CloudentsAutoTests" time="3.691"/>
  <testcase name="studyDocuments" classname="com.cloudents.AutomationTest.CloudentsAutoTests" time="0">
    <skipped/>
  </testcase>
  <testcase name="studyDocuments" classname="com.cloudents.AutomationTest.CloudentsAutoTests" time="0">
    <skipped/>
  </testcase>
  <testcase name="studyDocuments" classname="com.cloudents.AutomationTest.CloudentsAutoTests" time="0">
    <skipped/>
  </testcase>
  <testcase name="studyDocuments" classname="com.cloudents.AutomationTest.CloudentsAutoTests" time="0">
    <skipped/>
  </testcase>
  <testcase name="terms" classname="com.cloudents.AutomationTest.CloudentsAutoTests" time="3.588"/>
  <testcase name="terms" classname="com.cloudents.AutomationTest.CloudentsAutoTests" time="0">
    <skipped/>
  </testcase>
  <testcase name="terms" classname="com.cloudents.AutomationTest.CloudentsAutoTests" time="0">
    <skipped/>
  </testcase>
  <testcase name="terms" classname="com.cloudents.AutomationTest.CloudentsAutoTests" time="0">
    <skipped/>
  </testcase>
  <testcase name="terms" classname="com.cloudents.AutomationTest.CloudentsAutoTests" time="0">
    <skipped/>
  </testcase>
  <testcase name="textbooks" classname="com.cloudents.AutomationTest.CloudentsAutoTests" time="27.276"/>
  <testcase name="textbooks" classname="com.cloudents.AutomationTest.CloudentsAutoTests" time="0">
    <skipped/>
  </testcase>
  <testcase name="textbooks" classname="com.cloudents.AutomationTest.CloudentsAutoTests" time="0">
    <skipped/>
  </testcase>
  <testcase name="textbooks" classname="com.cloudents.AutomationTest.CloudentsAutoTests" time="0">
    <skipped/>
  </testcase>
  <testcase name="textbooks" classname="com.cloudents.AutomationTest.CloudentsAutoTests" time="0">
    <skipped/>
  </testcase>
  <testcase name="token" classname="com.cloudents.AutomationTest.CloudentsAutoTests" time="24.178">
    <failure message="element not visible&#10;  (Session info: chrome=68.0.3440.106)&#10;  (Driver info: chromedriver=2.41.578737 (49da6702b16031c40d63e5618de03a32ff6c197e),platform=Windows NT 10.0.17134 x86_64) (WARNING: The server did not provide any stacktrace information)&#10;Command duration or timeout: 0 milliseconds&#10;Build info: version: &apos;3.14.0&apos;, revision: &apos;aacccce0&apos;, time: &apos;2018-08-02T20:19:58.91Z&apos;&#10;System info: host: &apos;EIDAN-DESKTOP&apos;, ip: &apos;192.168.2.62&apos;, os.name: &apos;Windows 10&apos;, os.arch: &apos;amd64&apos;, os.version: &apos;10.0&apos;, java.version: &apos;1.8.0_181&apos;&#10;Driver info: org.openqa.selenium.chrome.ChromeDriver&#10;Capabilities {acceptInsecureCerts: false, acceptSslCerts: false, applicationCacheEnabled: false, browserConnectionEnabled: false, browserName: chrome, chrome: {chromedriverVersion: 2.41.578737 (49da6702b16031..., userDataDir: C:\WINDOWS\TEMP\scoped_dir1...}, cssSelectorsEnabled: true, databaseEnabled: false, goog:chromeOptions: {debuggerAddress: localhost:54430}, handlesAlerts: true, hasTouchScreen: false, javascriptEnabled: true, locationContextEnabled: true, mobileEmulationEnabled: false, nativeEvents: true, networkConnectionEnabled: false, pageLoadStrategy: normal, platform: XP, platformName: XP, rotatable: false, setWindowRect: true, takesHeapSnapshot: true, takesScreenshot: true, unexpectedAlertBehaviour: , unhandledPromptBehavior: , version: 68.0.3440.106, webStorageEnabled: true}&#10;Session ID: 6c07cf4392d4343014de57c5671540fd" type="org.openqa.selenium.ElementNotVisibleException">org.openqa.selenium.ElementNotVisibleException: 
element not visible
  (Session info: chrome=68.0.3440.106)
  (Driver info: chromedriver=2.41.578737 (49da6702b16031c40d63e5618de03a32ff6c197e),platform=Windows NT 10.0.17134 x86_64) (WARNING: The server did not provide any stacktrace information)
Command duration or timeout: 0 milliseconds
Build info: version: '3.14.0', revision: 'aacccce0', time: '2018-08-02T20:19:58.91Z'
System info: host: 'EIDAN-DESKTOP', ip: '192.168.2.62', os.name: 'Windows 10', os.arch: 'amd64', os.version: '10.0', java.version: '1.8.0_181'
Driver info: org.openqa.selenium.chrome.ChromeDriver
Capabilities {acceptInsecureCerts: false, acceptSslCerts: false, applicationCacheEnabled: false, browserConnectionEnabled: false, browserName: chrome, chrome: {chromedriverVersion: 2.41.578737 (49da6702b16031..., userDataDir: C:\WINDOWS\TEMP\scoped_dir1...}, cssSelectorsEnabled: true, databaseEnabled: false, goog:chromeOptions: {debuggerAddress: localhost:54430}, handlesAlerts: true, hasTouchScreen: false, javascriptEnabled: true, locationContextEnabled: true, mobileEmulationEnabled: false, nativeEvents: true, networkConnectionEnabled: false, pageLoadStrategy: normal, platform: XP, platformName: XP, rotatable: false, setWindowRect: true, takesHeapSnapshot: true, takesScreenshot: true, unexpectedAlertBehaviour: , unhandledPromptBehavior: , version: 68.0.3440.106, webStorageEnabled: true}
Session ID: 6c07cf4392d4343014de57c5671540fd
	at com.cloudents.AutomationTest.CloudentsAutoTests.token(CloudentsAutoTests.java:549)
</failure>
  </testcase>
  <testcase name="token" classname="com.cloudents.AutomationTest.CloudentsAutoTests" time="0">
    <skipped/>
  </testcase>
  <testcase name="token" classname="com.cloudents.AutomationTest.CloudentsAutoTests" time="0">
    <skipped/>
  </testcase>
  <testcase name="token" classname="com.cloudents.AutomationTest.CloudentsAutoTests" time="0">
    <skipped/>
  </testcase>
  <testcase name="token" classname="com.cloudents.AutomationTest.CloudentsAutoTests" time="0">
    <skipped/>
  </testcase>
  <testcase name="tutors" classname="com.cloudents.AutomationTest.CloudentsAutoTests" time="5.746"/>
  <testcase name="tutors" classname="com.cloudents.AutomationTest.CloudentsAutoTests" time="0">
    <skipped/>
  </testcase>
  <testcase name="tutors" classname="com.cloudents.AutomationTest.CloudentsAutoTests" time="0">
    <skipped/>
  </testcase>
  <testcase name="tutors" classname="com.cloudents.AutomationTest.CloudentsAutoTests" time="0">
    <skipped/>
  </testcase>
  <testcase name="tutors" classname="com.cloudents.AutomationTest.CloudentsAutoTests" time="0">
    <skipped/>
  </testcase>
  <testcase name="setup" classname="com.cloudents.AutomationTest.CloudentsAutoTests" time="6.543">
    <failure message="Unexpected value for profile: null&#10;Build info: version: &apos;3.14.0&apos;, revision: &apos;aacccce0&apos;, time: &apos;2018-08-02T20:19:58.91Z&apos;&#10;System info: host: &apos;EIDAN-DESKTOP&apos;, ip: &apos;192.168.2.62&apos;, os.name: &apos;Windows 10&apos;, os.arch: &apos;amd64&apos;, os.version: &apos;10.0&apos;, java.version: &apos;1.8.0_181&apos;&#10;Driver info: driver.version: unknown" type="org.openqa.selenium.WebDriverException">org.openqa.selenium.WebDriverException: 
Unexpected value for profile: null
Build info: version: '3.14.0', revision: 'aacccce0', time: '2018-08-02T20:19:58.91Z'
System info: host: 'EIDAN-DESKTOP', ip: '192.168.2.62', os.name: 'Windows 10', os.arch: 'amd64', os.version: '10.0', java.version: '1.8.0_181'
Driver info: driver.version: unknown
	at com.cloudents.AutomationTest.CloudentsAutoTests.setup(CloudentsAutoTests.java:29)
</failure>
  </testcase>
  <testcase name="setup" classname="com.cloudents.AutomationTest.CloudentsAutoTests" time="0.596">
    <failure message="Unable to parse remote response: Unknown error" type="org.openqa.selenium.WebDriverException">org.openqa.selenium.WebDriverException: Unable to parse remote response: Unknown error
	at com.cloudents.AutomationTest.CloudentsAutoTests.setup(CloudentsAutoTests.java:39)
Caused by: org.openqa.selenium.json.JsonException: 
Unable to determine type from: U. Last 1 characters read: U
Build info: version: '3.14.0', revision: 'aacccce0', time: '2018-08-02T20:19:58.91Z'
System info: host: 'EIDAN-DESKTOP', ip: '192.168.2.62', os.name: 'Windows 10', os.arch: 'amd64', os.version: '10.0', java.version: '1.8.0_181'
Driver info: driver.version: EdgeDriver
	at com.cloudents.AutomationTest.CloudentsAutoTests.setup(CloudentsAutoTests.java:39)
</failure>
    <system-err><![CDATA[[14:31:45.922] - Listening on http://localhost:36274/ 
Microsoft Web Driver can't be used with the Built-In Administrator account or while User Account Control is turned off. 

]]></system-err>
  </testcase>
  <testcase name="setup" classname="com.cloudents.AutomationTest.CloudentsAutoTests" time="0.017">
    <failure message="Session ID is null. Using WebDriver after calling quit()?&#10;Build info: version: &apos;3.14.0&apos;, revision: &apos;aacccce0&apos;, time: &apos;2018-08-02T20:19:58.91Z&apos;&#10;System info: host: &apos;EIDAN-DESKTOP&apos;, ip: &apos;192.168.2.62&apos;, os.name: &apos;Windows 10&apos;, os.arch: &apos;amd64&apos;, os.version: &apos;10.0&apos;, java.version: &apos;1.8.0_181&apos;&#10;Driver info: driver.version: RemoteWebDriver" type="org.openqa.selenium.NoSuchSessionException">org.openqa.selenium.NoSuchSessionException: 
Session ID is null. Using WebDriver after calling quit()?
Build info: version: '3.14.0', revision: 'aacccce0', time: '2018-08-02T20:19:58.91Z'
System info: host: 'EIDAN-DESKTOP', ip: '192.168.2.62', os.name: 'Windows 10', os.arch: 'amd64', os.version: '10.0', java.version: '1.8.0_181'
Driver info: driver.version: RemoteWebDriver
	at com.cloudents.AutomationTest.CloudentsAutoTests.setup(CloudentsAutoTests.java:50)
</failure>
  </testcase>
  <testcase name="setup" classname="com.cloudents.AutomationTest.CloudentsAutoTests" time="0.032">
    <failure message="Session ID is null. Using WebDriver after calling quit()?&#10;Build info: version: &apos;3.14.0&apos;, revision: &apos;aacccce0&apos;, time: &apos;2018-08-02T20:19:58.91Z&apos;&#10;System info: host: &apos;EIDAN-DESKTOP&apos;, ip: &apos;192.168.2.62&apos;, os.name: &apos;Windows 10&apos;, os.arch: &apos;amd64&apos;, os.version: &apos;10.0&apos;, java.version: &apos;1.8.0_181&apos;&#10;Driver info: driver.version: RemoteWebDriver" type="org.openqa.selenium.NoSuchSessionException">org.openqa.selenium.NoSuchSessionException: 
Session ID is null. Using WebDriver after calling quit()?
Build info: version: '3.14.0', revision: 'aacccce0', time: '2018-08-02T20:19:58.91Z'
System info: host: 'EIDAN-DESKTOP', ip: '192.168.2.62', os.name: 'Windows 10', os.arch: 'amd64', os.version: '10.0', java.version: '1.8.0_181'
Driver info: driver.version: RemoteWebDriver
	at com.cloudents.AutomationTest.CloudentsAutoTests.setup(CloudentsAutoTests.java:50)
</failure>
  </testcase>
  <testcase name="cleanupTestSeries" classname="com.cloudents.AutomationTest.CloudentsAutoTests" time="0">
    <skipped/>
  </testcase>
  <testcase name="cleanupTestSeries" classname="com.cloudents.AutomationTest.CloudentsAutoTests" time="0">
    <skipped/>
  </testcase>
  <testcase name="cleanupTestSeries" classname="com.cloudents.AutomationTest.CloudentsAutoTests" time="0">
    <skipped/>
  </testcase>
  <testcase name="cleanupTestSeries" classname="com.cloudents.AutomationTest.CloudentsAutoTests" time="0">
    <skipped/>
  </testcase>
</testsuite>