<?xml version="1.0" encoding="UTF-8"?>
<!-- Generated by org.testng.reporters.JUnitReportReporter -->
<testsuite hostname="Eidan-Desktop" name="com.cloudents.AutomationTest.CloudentsAutoTests" tests="1" failures="0" timestamp="30 Aug 2018 13:20:37 GMT" time="256.103" errors="0">
  <testcase name="global" time="256.103" classname="com.cloudents.AutomationTest.CloudentsAutoTests"/>
</testsuite> <!-- com.cloudents.AutomationTest.CloudentsAutoTests -->
