<?xml version="1.0" encoding="UTF-8"?>
<!-- Generated by org.testng.reporters.JUnitReportReporter -->
<testsuite hostname="Eidan-Desktop" name="com.cloudents.AutomationTest.CloudentsAutoTests" tests="1" failures="0" timestamp="29 Aug 2018 13:05:13 GMT" time="12.084" errors="0">
  <testcase name="login" time="12.084" classname="com.cloudents.AutomationTest.CloudentsAutoTests"/>
</testsuite> <!-- com.cloudents.AutomationTest.CloudentsAutoTests -->
